<?xml version="1.0" encoding="UTF-8"?>
<!-- Generated by org.testng.reporters.JUnitReportReporter -->
<testsuite skipped="0" hostname="DELL-PC" name="com.crm.qa.testcases.HomePageTest" tests="1" failures="0" timestamp="24 Oct 2020 08:15:29 GMT" time="20.651" errors="0">
  <testcase name="verifyMenuOptionsList" time="20.651" classname="com.crm.qa.testcases.HomePageTest"/>
</testsuite> <!-- com.crm.qa.testcases.HomePageTest -->
